<?xml version="1.0" encoding="UTF-8"?>
<!-- Generated by org.testng.reporters.JUnitReportReporter -->
<testsuite skipped="0" hostname="rpas" name="surveys.Test_18_Add_Multi_Question" tests="1" failures="0" timestamp="19 Jul 2018 12:10:14 GMT" time="7.482" errors="0">
  <testcase name="add_multi_question" time="7.482" classname="surveys.Test_18_Add_Multi_Question"/>
</testsuite> <!-- surveys.Test_18_Add_Multi_Question -->
