<?xml version="1.0" encoding="UTF-8"?>
<!-- Generated by org.testng.reporters.JUnitReportReporter -->
<testsuite skipped="0" hostname="rpas" name="surveys.Test_9_Add_Question_DIGI" tests="1" failures="0" timestamp="19 Jul 2018 12:10:14 GMT" time="7.407" errors="0">
  <testcase name="add_questions_digi" time="7.407" classname="surveys.Test_9_Add_Question_DIGI"/>
</testsuite> <!-- surveys.Test_9_Add_Question_DIGI -->
