<?xml version="1.0" encoding="UTF-8"?>
<!-- Generated by org.testng.reporters.JUnitReportReporter -->
<testsuite skipped="0" hostname="rpas" name="surveys.Test_19_Static_Survey_Link" tests="1" failures="0" timestamp="31 Jul 2018 16:03:39 GMT" time="7.018" errors="0">
  <testcase name="static_survey_link" time="7.018" classname="surveys.Test_19_Static_Survey_Link"/>
</testsuite> <!-- surveys.Test_19_Static_Survey_Link -->
