<?xml version="1.0" encoding="UTF-8"?>
<!-- Generated by org.testng.reporters.JUnitReportReporter -->
<testsuite skipped="0" hostname="rpas" name="surveys.Test_3_Create_SMS_Channel" tests="1" failures="0" timestamp="31 Jul 2018 16:03:39 GMT" time="6.852" errors="0">
  <testcase name="create_sms_channel" time="6.852" classname="surveys.Test_3_Create_SMS_Channel"/>
</testsuite> <!-- surveys.Test_3_Create_SMS_Channel -->
