<?xml version="1.0" encoding="UTF-8"?>
<!-- Generated by org.testng.reporters.JUnitReportReporter -->
<testsuite skipped="0" hostname="rpas" name="surveys.Test_2_Create_WEB_Channel" tests="1" failures="0" timestamp="31 Jul 2018 16:03:39 GMT" time="7.703" errors="0">
  <testcase name="create_web_channel" time="7.703" classname="surveys.Test_2_Create_WEB_Channel"/>
</testsuite> <!-- surveys.Test_2_Create_WEB_Channel -->
