<?xml version="1.0" encoding="UTF-8"?>
<!-- Generated by org.testng.reporters.JUnitReportReporter -->
<testsuite skipped="0" hostname="rpas" name="surveys.Test_33_Delete_Question_SMS" tests="1" failures="0" timestamp="31 Jul 2018 16:03:39 GMT" time="7.250" errors="0">
  <testcase name="delete_question_sms" time="7.250" classname="surveys.Test_33_Delete_Question_SMS"/>
</testsuite> <!-- surveys.Test_33_Delete_Question_SMS -->
