<?xml version="1.0" encoding="UTF-8"?>
<!-- Generated by org.testng.reporters.JUnitReportReporter -->
<testsuite skipped="0" hostname="rpas" name="surveys.Test_25_Change_Status_WEB" tests="1" failures="0" timestamp="31 Jul 2018 16:03:39 GMT" time="8.060" errors="0">
  <testcase name="change_status_web" time="8.060" classname="surveys.Test_25_Change_Status_WEB"/>
</testsuite> <!-- surveys.Test_25_Change_Status_WEB -->
