<?xml version="1.0" encoding="UTF-8"?>
<!-- Generated by org.testng.reporters.JUnitReportReporter -->
<testsuite skipped="0" hostname="rpas" name="surveys.Test_25_Change_Status_WEB" tests="1" failures="0" timestamp="19 Jul 2018 12:10:14 GMT" time="7.917" errors="0">
  <testcase name="change_status_web" time="7.917" classname="surveys.Test_25_Change_Status_WEB"/>
</testsuite> <!-- surveys.Test_25_Change_Status_WEB -->
