<?xml version="1.0" encoding="UTF-8"?>
<!-- Generated by org.testng.reporters.JUnitReportReporter -->
<testsuite skipped="0" hostname="rpas" name="surveys.Test_34_Delete_Question_IVR" tests="1" failures="0" timestamp="31 Jul 2018 16:03:39 GMT" time="6.705" errors="0">
  <testcase name="delete_question_ivr" time="6.705" classname="surveys.Test_34_Delete_Question_IVR"/>
</testsuite> <!-- surveys.Test_34_Delete_Question_IVR -->
