<?xml version="1.0" encoding="UTF-8"?>
<!-- Generated by org.testng.reporters.JUnitReportReporter -->
<testsuite skipped="0" hostname="rpas" name="surveys.Test_27_Change_Status_IVR" tests="1" failures="0" timestamp="19 Jul 2018 12:10:14 GMT" time="10.535" errors="0">
  <testcase name="change_status_ivr" time="10.535" classname="surveys.Test_27_Change_Status_IVR"/>
</testsuite> <!-- surveys.Test_27_Change_Status_IVR -->
