<?xml version="1.0" encoding="UTF-8"?>
<!-- Generated by org.testng.reporters.JUnitReportReporter -->
<testsuite skipped="0" hostname="rpas" name="surveys.Test_30_Reordering_Survey" tests="1" failures="0" timestamp="19 Jul 2018 12:10:14 GMT" time="8.092" errors="0">
  <testcase name="reordering_survey" time="8.092" classname="surveys.Test_30_Reordering_Survey"/>
</testsuite> <!-- surveys.Test_30_Reordering_Survey -->
