<?xml version="1.0" encoding="UTF-8"?>
<!-- Generated by org.testng.reporters.JUnitReportReporter -->
<testsuite skipped="0" hostname="rpas" name="cjm.Test_10_Add_Survey_to_Touchpoint" tests="1" failures="0" timestamp="19 Jul 2018 12:10:14 GMT" time="26.644" errors="0">
  <testcase name="test10" time="26.644" classname="cjm.Test_10_Add_Survey_to_Touchpoint"/>
</testsuite> <!-- cjm.Test_10_Add_Survey_to_Touchpoint -->
