<?xml version="1.0" encoding="UTF-8"?>
<!-- Generated by org.testng.reporters.JUnitReportReporter -->
<testsuite skipped="0" hostname="rpas" name="surveys.Test_35_Delete_Question_DIGI" tests="1" failures="0" timestamp="31 Jul 2018 16:03:39 GMT" time="8.118" errors="0">
  <testcase name="delete_question_digi" time="8.118" classname="surveys.Test_35_Delete_Question_DIGI"/>
</testsuite> <!-- surveys.Test_35_Delete_Question_DIGI -->
