<?xml version="1.0" encoding="UTF-8"?>
<!-- Generated by org.testng.reporters.JUnitReportReporter -->
<testsuite skipped="0" hostname="rpas" name="surveys.Test_26_Change_Status_SMS" tests="1" failures="0" timestamp="31 Jul 2018 16:03:39 GMT" time="7.100" errors="0">
  <testcase name="change_status_sms" time="7.100" classname="surveys.Test_26_Change_Status_SMS"/>
</testsuite> <!-- surveys.Test_26_Change_Status_SMS -->
