<?xml version="1.0" encoding="UTF-8"?>
<!-- Generated by org.testng.reporters.JUnitReportReporter -->
<testsuite skipped="0" hostname="rpas" name="surveys.Test_22_Search_by_CustomerId" tests="1" failures="0" timestamp="19 Jul 2018 12:10:14 GMT" time="7.982" errors="0">
  <testcase name="search_by_customerId" time="7.982" classname="surveys.Test_22_Search_by_CustomerId"/>
</testsuite> <!-- surveys.Test_22_Search_by_CustomerId -->
