<?xml version="1.0" encoding="UTF-8"?>
<!-- Generated by org.testng.reporters.JUnitReportReporter -->
<testsuite skipped="0" hostname="rpas" name="surveys.Test_24_Copy_Survey" tests="1" failures="0" timestamp="31 Jul 2018 16:03:39 GMT" time="7.211" errors="0">
  <testcase name="copy_survey" time="7.211" classname="surveys.Test_24_Copy_Survey"/>
</testsuite> <!-- surveys.Test_24_Copy_Survey -->
