<?xml version="1.0" encoding="UTF-8"?>
<!-- Generated by org.testng.reporters.JUnitReportReporter -->
<testsuite skipped="0" hostname="rpas" name="surveys.Test_35_Delete_Question_DIGI" tests="1" failures="0" timestamp="19 Jul 2018 12:10:14 GMT" time="7.797" errors="0">
  <testcase name="delete_question_digi" time="7.797" classname="surveys.Test_35_Delete_Question_DIGI"/>
</testsuite> <!-- surveys.Test_35_Delete_Question_DIGI -->
