<?xml version="1.0" encoding="UTF-8"?>
<!-- Generated by org.testng.reporters.JUnitReportReporter -->
<testsuite skipped="0" hostname="rpas" name="surveys.Test_8_Add_Question_IVR" tests="1" failures="0" timestamp="31 Jul 2018 16:03:39 GMT" time="7.679" errors="0">
  <testcase name="add_questions_ivr" time="7.679" classname="surveys.Test_8_Add_Question_IVR"/>
</testsuite> <!-- surveys.Test_8_Add_Question_IVR -->
