<?xml version="1.0" encoding="UTF-8"?>
<!-- Generated by org.testng.reporters.JUnitReportReporter -->
<testsuite skipped="0" hostname="rpas" name="cjm.Test_11_Delete_Survey_into_Touchpoint" tests="1" failures="0" timestamp="19 Jul 2018 12:10:14 GMT" time="35.211" errors="0">
  <testcase name="test11" time="35.211" classname="cjm.Test_11_Delete_Survey_into_Touchpoint"/>
</testsuite> <!-- cjm.Test_11_Delete_Survey_into_Touchpoint -->
