<?xml version="1.0" encoding="UTF-8"?>
<!-- Generated by org.testng.reporters.JUnitReportReporter -->
<testsuite skipped="0" hostname="rpas" name="surveys.Test_28_Change_Status_DIGI" tests="1" failures="0" timestamp="19 Jul 2018 12:10:14 GMT" time="9.262" errors="0">
  <testcase name="change_status_digi" time="9.262" classname="surveys.Test_28_Change_Status_DIGI"/>
</testsuite> <!-- surveys.Test_28_Change_Status_DIGI -->
