<?xml version="1.0" encoding="UTF-8"?>
<!-- Generated by org.testng.reporters.JUnitReportReporter -->
<testsuite skipped="0" hostname="rpas" name="surveys.Test_28_Change_Status_DIGI" tests="1" failures="0" timestamp="31 Jul 2018 16:03:39 GMT" time="7.951" errors="0">
  <testcase name="change_status_digi" time="7.951" classname="surveys.Test_28_Change_Status_DIGI"/>
</testsuite> <!-- surveys.Test_28_Change_Status_DIGI -->
