<?xml version="1.0" encoding="UTF-8"?>
<!-- Generated by org.testng.reporters.JUnitReportReporter -->
<testsuite skipped="0" hostname="rpas" name="surveys.Test_21_Search_by_Address" tests="1" failures="0" timestamp="31 Jul 2018 16:03:39 GMT" time="6.791" errors="0">
  <testcase name="search_by_address" time="6.791" classname="surveys.Test_21_Search_by_Address"/>
</testsuite> <!-- surveys.Test_21_Search_by_Address -->
