<?xml version="1.0" encoding="UTF-8"?>
<!-- Generated by org.testng.reporters.JUnitReportReporter -->
<testsuite skipped="0" hostname="rpas" name="cjm.Test_3_Update_CJM" tests="1" failures="0" timestamp="19 Jul 2018 12:10:14 GMT" time="22.255" errors="0">
  <testcase name="test_3" time="22.255" classname="cjm.Test_3_Update_CJM"/>
</testsuite> <!-- cjm.Test_3_Update_CJM -->
