<?xml version="1.0" encoding="UTF-8"?>
<!-- Generated by org.testng.reporters.JUnitReportReporter -->
<testsuite skipped="0" hostname="rpas" name="surveys.Test_16_Delete_QuestionText_IVR" tests="1" failures="0" timestamp="31 Jul 2018 16:03:39 GMT" time="9.108" errors="0">
  <testcase name="delete_questionText_ivr" time="9.108" classname="surveys.Test_16_Delete_QuestionText_IVR"/>
</testsuite> <!-- surveys.Test_16_Delete_QuestionText_IVR -->
