<?xml version="1.0" encoding="UTF-8"?>
<!-- Generated by org.testng.reporters.JUnitReportReporter -->
<testsuite skipped="0" hostname="rpas" name="surveys.Test_34_Delete_Question_IVR" tests="1" failures="0" timestamp="19 Jul 2018 12:10:14 GMT" time="7.719" errors="0">
  <testcase name="delete_question_ivr" time="7.719" classname="surveys.Test_34_Delete_Question_IVR"/>
</testsuite> <!-- surveys.Test_34_Delete_Question_IVR -->
