<?xml version="1.0" encoding="UTF-8"?>
<!-- Generated by org.testng.reporters.JUnitReportReporter -->
<testsuite skipped="0" hostname="rpas" name="surveys.Test_5_Create_DIGI_Channel" tests="1" failures="0" timestamp="19 Jul 2018 12:10:14 GMT" time="7.744" errors="0">
  <testcase name="create_digi_channel" time="7.744" classname="surveys.Test_5_Create_DIGI_Channel"/>
</testsuite> <!-- surveys.Test_5_Create_DIGI_Channel -->
