<?xml version="1.0" encoding="UTF-8"?>
<!-- Generated by org.testng.reporters.JUnitReportReporter -->
<testsuite skipped="0" hostname="rpas" name="surveys.Test_29_Response_Rate" tests="1" failures="0" timestamp="19 Jul 2018 12:10:14 GMT" time="7.837" errors="0">
  <testcase name="response_rate" time="7.837" classname="surveys.Test_29_Response_Rate"/>
</testsuite> <!-- surveys.Test_29_Response_Rate -->
