<?xml version="1.0" encoding="UTF-8"?>
<!-- Generated by org.testng.reporters.JUnitReportReporter -->
<testsuite skipped="0" hostname="rpas" name="surveys.Test_9_Add_Question_DIGI" tests="1" failures="0" timestamp="31 Jul 2018 16:03:39 GMT" time="7.621" errors="0">
  <testcase name="add_questions_digi" time="7.621" classname="surveys.Test_9_Add_Question_DIGI"/>
</testsuite> <!-- surveys.Test_9_Add_Question_DIGI -->
