<?xml version="1.0" encoding="UTF-8"?>
<!-- Generated by org.testng.reporters.JUnitReportReporter -->
<testsuite skipped="0" hostname="rpas" name="surveys.Test_7_Add_Question_SMS" tests="1" failures="0" timestamp="31 Jul 2018 16:03:39 GMT" time="7.695" errors="0">
  <testcase name="add_questions_sms" time="7.695" classname="surveys.Test_7_Add_Question_SMS"/>
</testsuite> <!-- surveys.Test_7_Add_Question_SMS -->
