<?xml version="1.0" encoding="UTF-8"?>
<!-- Generated by org.testng.reporters.JUnitReportReporter -->
<testsuite skipped="0" hostname="rpas" name="surveys.Test_23_Send_Invitation" tests="1" failures="0" timestamp="31 Jul 2018 16:03:39 GMT" time="6.875" errors="0">
  <testcase name="send_invitation" time="6.875" classname="surveys.Test_23_Send_Invitation"/>
</testsuite> <!-- surveys.Test_23_Send_Invitation -->
