<?xml version="1.0" encoding="UTF-8"?>
<!-- Generated by org.testng.reporters.JUnitReportReporter -->
<testsuite skipped="0" hostname="rpas" name="surveys.Test_13_Update_QuestionText_DIGI" tests="1" failures="0" timestamp="31 Jul 2018 16:03:39 GMT" time="6.965" errors="0">
  <testcase name="update_questionText_digi" time="6.965" classname="surveys.Test_13_Update_QuestionText_DIGI"/>
</testsuite> <!-- surveys.Test_13_Update_QuestionText_DIGI -->
