<?xml version="1.0" encoding="UTF-8"?>
<!-- Generated by org.testng.reporters.JUnitReportReporter -->
<testsuite skipped="0" hostname="rpas" name="surveys.Test_6_Add_Question_WEB" tests="1" failures="0" timestamp="31 Jul 2018 16:03:39 GMT" time="7.612" errors="0">
  <testcase name="add_questions_web" time="7.612" classname="surveys.Test_6_Add_Question_WEB"/>
</testsuite> <!-- surveys.Test_6_Add_Question_WEB -->
