<?xml version="1.0" encoding="UTF-8"?>
<!-- Generated by org.testng.reporters.JUnitReportReporter -->
<testsuite skipped="0" hostname="rpas" name="surveys.Test_32_Delete_Question_WEB" tests="1" failures="0" timestamp="31 Jul 2018 16:03:39 GMT" time="7.321" errors="0">
  <testcase name="delete_question_web" time="7.321" classname="surveys.Test_32_Delete_Question_WEB"/>
</testsuite> <!-- surveys.Test_32_Delete_Question_WEB -->
