<?xml version="1.0" encoding="UTF-8"?>
<!-- Generated by org.testng.reporters.JUnitReportReporter -->
<testsuite skipped="0" hostname="rpas" name="surveys.Test_32_Delete_Question_WEB" tests="1" failures="0" timestamp="19 Jul 2018 12:10:14 GMT" time="7.678" errors="0">
  <testcase name="delete_question_web" time="7.678" classname="surveys.Test_32_Delete_Question_WEB"/>
</testsuite> <!-- surveys.Test_32_Delete_Question_WEB -->
