<?xml version="1.0" encoding="UTF-8"?>
<!-- Generated by org.testng.reporters.JUnitReportReporter -->
<testsuite skipped="0" hostname="rpas" name="surveys.Test_1_Create_Survey" tests="1" failures="0" timestamp="19 Jul 2018 12:10:14 GMT" time="10.816" errors="0">
  <testcase name="createSurvey" time="10.816" classname="surveys.Test_1_Create_Survey"/>
</testsuite> <!-- surveys.Test_1_Create_Survey -->
