<?xml version="1.0" encoding="UTF-8"?>
<!-- Generated by org.testng.reporters.JUnitReportReporter -->
<testsuite skipped="0" hostname="rpas" name="surveys.Test_15_Delete_QuestionText_SMS" tests="1" failures="0" timestamp="31 Jul 2018 16:03:39 GMT" time="7.194" errors="0">
  <testcase name="delete_questionText_sms" time="7.194" classname="surveys.Test_15_Delete_QuestionText_SMS"/>
</testsuite> <!-- surveys.Test_15_Delete_QuestionText_SMS -->
