<?xml version="1.0" encoding="UTF-8"?>
<!-- Generated by org.testng.reporters.JUnitReportReporter -->
<testsuite skipped="0" hostname="rpas" name="surveys.Test_20_Remove_Questionnaire" tests="1" failures="0" timestamp="19 Jul 2018 12:10:14 GMT" time="7.811" errors="0">
  <testcase name="remove_questionnaire" time="7.811" classname="surveys.Test_20_Remove_Questionnaire"/>
</testsuite> <!-- surveys.Test_20_Remove_Questionnaire -->
