<?xml version="1.0" encoding="UTF-8"?>
<!-- Generated by org.testng.reporters.JUnitReportReporter -->
<testsuite skipped="0" hostname="rpas" name="surveys.Test_29_Response_Rate" tests="1" failures="0" timestamp="31 Jul 2018 16:03:39 GMT" time="6.523" errors="0">
  <testcase name="response_rate" time="6.523" classname="surveys.Test_29_Response_Rate"/>
</testsuite> <!-- surveys.Test_29_Response_Rate -->
