<?xml version="1.0" encoding="UTF-8"?>
<!-- Generated by org.testng.reporters.JUnitReportReporter -->
<testsuite skipped="0" hostname="rpas" name="surveys.Test_21_Search_by_Address" tests="1" failures="0" timestamp="19 Jul 2018 12:10:14 GMT" time="7.391" errors="0">
  <testcase name="search_by_address" time="7.391" classname="surveys.Test_21_Search_by_Address"/>
</testsuite> <!-- surveys.Test_21_Search_by_Address -->
