<?xml version="1.0" encoding="UTF-8"?>
<!-- Generated by org.testng.reporters.JUnitReportReporter -->
<testsuite skipped="0" hostname="rpas" name="surveys.Test_19_Static_Survey_Link" tests="1" failures="0" timestamp="19 Jul 2018 12:10:14 GMT" time="8.069" errors="0">
  <testcase name="static_survey_link" time="8.069" classname="surveys.Test_19_Static_Survey_Link"/>
</testsuite> <!-- surveys.Test_19_Static_Survey_Link -->
