<?xml version="1.0" encoding="UTF-8"?>
<!-- Generated by org.testng.reporters.JUnitReportReporter -->
<testsuite skipped="0" hostname="rpas" name="surveys.Test_14_Delete_QuestionText_WEB" tests="1" failures="0" timestamp="31 Jul 2018 16:03:39 GMT" time="8.910" errors="0">
  <testcase name="delete_questionText_web" time="8.910" classname="surveys.Test_14_Delete_QuestionText_WEB"/>
</testsuite> <!-- surveys.Test_14_Delete_QuestionText_WEB -->
