<?xml version="1.0" encoding="UTF-8"?>
<!-- Generated by org.testng.reporters.JUnitReportReporter -->
<testsuite skipped="0" hostname="rpas" name="surveys.Test_10_Update_QuestionText_WEB" tests="1" failures="0" timestamp="31 Jul 2018 16:03:39 GMT" time="7.303" errors="0">
  <testcase name="update_questionText_web" time="7.303" classname="surveys.Test_10_Update_QuestionText_WEB"/>
</testsuite> <!-- surveys.Test_10_Update_QuestionText_WEB -->
