<?xml version="1.0" encoding="UTF-8"?>
<!-- Generated by org.testng.reporters.JUnitReportReporter -->
<testsuite skipped="0" hostname="rpas" name="surveys.Test_1_Create_Survey" tests="1" failures="0" timestamp="31 Jul 2018 16:03:39 GMT" time="11.624" errors="0">
  <testcase name="createSurvey" time="11.624" classname="surveys.Test_1_Create_Survey"/>
</testsuite> <!-- surveys.Test_1_Create_Survey -->
