<?xml version="1.0" encoding="UTF-8"?>
<!-- Generated by org.testng.reporters.JUnitReportReporter -->
<testsuite skipped="0" hostname="rpas" name="surveys.Test_7_Add_Question_SMS" tests="1" failures="0" timestamp="19 Jul 2018 12:10:14 GMT" time="7.413" errors="0">
  <testcase name="add_questions_sms" time="7.413" classname="surveys.Test_7_Add_Question_SMS"/>
</testsuite> <!-- surveys.Test_7_Add_Question_SMS -->
