<?xml version="1.0" encoding="UTF-8"?>
<!-- Generated by org.testng.reporters.JUnitReportReporter -->
<testsuite skipped="0" hostname="rpas" name="surveys.Test_18_Add_Multi_Question" tests="1" failures="0" timestamp="31 Jul 2018 16:03:39 GMT" time="7.181" errors="0">
  <testcase name="add_multi_question" time="7.181" classname="surveys.Test_18_Add_Multi_Question"/>
</testsuite> <!-- surveys.Test_18_Add_Multi_Question -->
