<?xml version="1.0" encoding="UTF-8"?>
<!-- Generated by org.testng.reporters.JUnitReportReporter -->
<testsuite skipped="0" hostname="rpas" name="surveys.Test_31_Reordering_Questions" tests="1" failures="0" timestamp="19 Jul 2018 12:10:14 GMT" time="7.873" errors="0">
  <testcase name="reordering_questions" time="7.873" classname="surveys.Test_31_Reordering_Questions"/>
</testsuite> <!-- surveys.Test_31_Reordering_Questions -->
